<?xml version="1.0" encoding="UTF-8"?>
<testng-results ignored="0" total="25" passed="25" failed="0" skipped="0">
  <reporter-output>
  </reporter-output>
  <suite started-at="2024-08-25T18:13:41 EDT" name="Default suite" finished-at="2024-08-25T18:16:20 EDT" duration-ms="159570">
    <groups>
      <group name="cucumber">
        <method signature="AbstractTestNGCucumberTests.runScenario(io.cucumber.testng.PickleWrapper,io.cucumber.testng.FeatureWrapper)[pri:0, instance:com.tutorialsninja.runner.Runner_TestNG@222545dc]" name="runScenario" class="io.cucumber.testng.AbstractTestNGCucumberTests"/>
      </group> <!-- cucumber -->
    </groups>
    <test started-at="2024-08-25T18:13:41 EDT" name="Default test" finished-at="2024-08-25T18:16:20 EDT" duration-ms="159570">
      <class name="com.tutorialsninja.runner.Runner_TestNG">
        <test-method is-config="true" signature="setUpClass(org.testng.ITestContext)[pri:0, instance:com.tutorialsninja.runner.Runner_TestNG@222545dc]" started-at="2024-08-25T18:13:41 EDT" name="setUpClass" finished-at="2024-08-25T18:13:41 EDT" duration-ms="380" status="PASS">
          <params>
            <param index="0">
              <value>
                <![CDATA[org.testng.TestRunner@6a7aa675]]>
              </value>
            </param>
          </params>
          <reporter-output>
          </reporter-output>
        </test-method> <!-- setUpClass -->
        <test-method signature="runScenario(io.cucumber.testng.PickleWrapper,io.cucumber.testng.FeatureWrapper)[pri:0, instance:com.tutorialsninja.runner.Runner_TestNG@222545dc]" started-at="2024-08-25T18:13:41 EDT" name="runScenario" description="Runs Cucumber Scenarios" data-provider="scenarios" finished-at="2024-08-25T18:13:47 EDT" duration-ms="6283" status="PASS">
          <params>
            <param index="0">
              <value>
                <![CDATA["Successfully adding a product to the cart"]]>
              </value>
            </param>
            <param index="1">
              <value>
                <![CDATA["Add to Cart Functionality of TutorialsNinja Application"]]>
              </value>
            </param>
          </params>
          <reporter-output>
          </reporter-output>
        </test-method> <!-- runScenario -->
        <test-method signature="runScenario(io.cucumber.testng.PickleWrapper,io.cucumber.testng.FeatureWrapper)[pri:0, instance:com.tutorialsninja.runner.Runner_TestNG@222545dc]" started-at="2024-08-25T18:13:47 EDT" name="runScenario" description="Runs Cucumber Scenarios" data-provider="scenarios" finished-at="2024-08-25T18:13:53 EDT" duration-ms="5277" status="PASS">
          <params>
            <param index="0">
              <value>
                <![CDATA["Adding an out-of-stock product to the cart"]]>
              </value>
            </param>
            <param index="1">
              <value>
                <![CDATA["Add to Cart Functionality of TutorialsNinja Application"]]>
              </value>
            </param>
          </params>
          <reporter-output>
          </reporter-output>
        </test-method> <!-- runScenario -->
        <test-method signature="runScenario(io.cucumber.testng.PickleWrapper,io.cucumber.testng.FeatureWrapper)[pri:0, instance:com.tutorialsninja.runner.Runner_TestNG@222545dc]" started-at="2024-08-25T18:13:53 EDT" name="runScenario" description="Runs Cucumber Scenarios" data-provider="scenarios" finished-at="2024-08-25T18:14:00 EDT" duration-ms="7278" status="PASS">
          <params>
            <param index="0">
              <value>
                <![CDATA["Adding multiple products to the cart"]]>
              </value>
            </param>
            <param index="1">
              <value>
                <![CDATA["Add to Cart Functionality of TutorialsNinja Application"]]>
              </value>
            </param>
          </params>
          <reporter-output>
          </reporter-output>
        </test-method> <!-- runScenario -->
        <test-method signature="runScenario(io.cucumber.testng.PickleWrapper,io.cucumber.testng.FeatureWrapper)[pri:0, instance:com.tutorialsninja.runner.Runner_TestNG@222545dc]" started-at="2024-08-25T18:14:00 EDT" name="runScenario" description="Runs Cucumber Scenarios" data-provider="scenarios" finished-at="2024-08-25T18:14:07 EDT" duration-ms="6649" status="PASS">
          <params>
            <param index="0">
              <value>
                <![CDATA["Removing a product from the cart"]]>
              </value>
            </param>
            <param index="1">
              <value>
                <![CDATA["Add to Cart Functionality of TutorialsNinja Application"]]>
              </value>
            </param>
          </params>
          <reporter-output>
          </reporter-output>
        </test-method> <!-- runScenario -->
        <test-method signature="runScenario(io.cucumber.testng.PickleWrapper,io.cucumber.testng.FeatureWrapper)[pri:0, instance:com.tutorialsninja.runner.Runner_TestNG@222545dc]" started-at="2024-08-25T18:14:07 EDT" name="runScenario" description="Runs Cucumber Scenarios" data-provider="scenarios" finished-at="2024-08-25T18:14:12 EDT" duration-ms="5119" status="PASS">
          <params>
            <param index="0">
              <value>
                <![CDATA["Login with valid credentials"]]>
              </value>
            </param>
            <param index="1">
              <value>
                <![CDATA["Login Functionality of TutorialsNinja Application"]]>
              </value>
            </param>
          </params>
          <reporter-output>
          </reporter-output>
        </test-method> <!-- runScenario -->
        <test-method signature="runScenario(io.cucumber.testng.PickleWrapper,io.cucumber.testng.FeatureWrapper)[pri:0, instance:com.tutorialsninja.runner.Runner_TestNG@222545dc]" started-at="2024-08-25T18:14:12 EDT" name="runScenario" description="Runs Cucumber Scenarios" data-provider="scenarios" finished-at="2024-08-25T18:14:17 EDT" duration-ms="5565" status="PASS">
          <params>
            <param index="0">
              <value>
                <![CDATA["Login with valid credentials"]]>
              </value>
            </param>
            <param index="1">
              <value>
                <![CDATA["Login Functionality of TutorialsNinja Application"]]>
              </value>
            </param>
          </params>
          <reporter-output>
          </reporter-output>
        </test-method> <!-- runScenario -->
        <test-method signature="runScenario(io.cucumber.testng.PickleWrapper,io.cucumber.testng.FeatureWrapper)[pri:0, instance:com.tutorialsninja.runner.Runner_TestNG@222545dc]" started-at="2024-08-25T18:14:17 EDT" name="runScenario" description="Runs Cucumber Scenarios" data-provider="scenarios" finished-at="2024-08-25T18:14:23 EDT" duration-ms="5400" status="PASS">
          <params>
            <param index="0">
              <value>
                <![CDATA["Login with valid credentials"]]>
              </value>
            </param>
            <param index="1">
              <value>
                <![CDATA["Login Functionality of TutorialsNinja Application"]]>
              </value>
            </param>
          </params>
          <reporter-output>
          </reporter-output>
        </test-method> <!-- runScenario -->
        <test-method signature="runScenario(io.cucumber.testng.PickleWrapper,io.cucumber.testng.FeatureWrapper)[pri:0, instance:com.tutorialsninja.runner.Runner_TestNG@222545dc]" started-at="2024-08-25T18:14:23 EDT" name="runScenario" description="Runs Cucumber Scenarios" data-provider="scenarios" finished-at="2024-08-25T18:14:28 EDT" duration-ms="5361" status="PASS">
          <params>
            <param index="0">
              <value>
                <![CDATA["Login with valid credentials"]]>
              </value>
            </param>
            <param index="1">
              <value>
                <![CDATA["Login Functionality of TutorialsNinja Application"]]>
              </value>
            </param>
          </params>
          <reporter-output>
          </reporter-output>
        </test-method> <!-- runScenario -->
        <test-method signature="runScenario(io.cucumber.testng.PickleWrapper,io.cucumber.testng.FeatureWrapper)[pri:0, instance:com.tutorialsninja.runner.Runner_TestNG@222545dc]" started-at="2024-08-25T18:14:28 EDT" name="runScenario" description="Runs Cucumber Scenarios" data-provider="scenarios" finished-at="2024-08-25T18:14:33 EDT" duration-ms="5227" status="PASS">
          <params>
            <param index="0">
              <value>
                <![CDATA["Login with valid credentials"]]>
              </value>
            </param>
            <param index="1">
              <value>
                <![CDATA["Login Functionality of TutorialsNinja Application"]]>
              </value>
            </param>
          </params>
          <reporter-output>
          </reporter-output>
        </test-method> <!-- runScenario -->
        <test-method signature="runScenario(io.cucumber.testng.PickleWrapper,io.cucumber.testng.FeatureWrapper)[pri:0, instance:com.tutorialsninja.runner.Runner_TestNG@222545dc]" started-at="2024-08-25T18:14:33 EDT" name="runScenario" description="Runs Cucumber Scenarios" data-provider="scenarios" finished-at="2024-08-25T18:14:38 EDT" duration-ms="5282" status="PASS">
          <params>
            <param index="0">
              <value>
                <![CDATA["Login with valid credentials"]]>
              </value>
            </param>
            <param index="1">
              <value>
                <![CDATA["Login Functionality of TutorialsNinja Application"]]>
              </value>
            </param>
          </params>
          <reporter-output>
          </reporter-output>
        </test-method> <!-- runScenario -->
        <test-method signature="runScenario(io.cucumber.testng.PickleWrapper,io.cucumber.testng.FeatureWrapper)[pri:0, instance:com.tutorialsninja.runner.Runner_TestNG@222545dc]" started-at="2024-08-25T18:14:38 EDT" name="runScenario" description="Runs Cucumber Scenarios" data-provider="scenarios" finished-at="2024-08-25T18:14:43 EDT" duration-ms="4905" status="PASS">
          <params>
            <param index="0">
              <value>
                <![CDATA["Login with valid credentials"]]>
              </value>
            </param>
            <param index="1">
              <value>
                <![CDATA["Login Functionality of TutorialsNinja Application"]]>
              </value>
            </param>
          </params>
          <reporter-output>
          </reporter-output>
        </test-method> <!-- runScenario -->
        <test-method signature="runScenario(io.cucumber.testng.PickleWrapper,io.cucumber.testng.FeatureWrapper)[pri:0, instance:com.tutorialsninja.runner.Runner_TestNG@222545dc]" started-at="2024-08-25T18:14:43 EDT" name="runScenario" description="Runs Cucumber Scenarios" data-provider="scenarios" finished-at="2024-08-25T18:14:48 EDT" duration-ms="5116" status="PASS">
          <params>
            <param index="0">
              <value>
                <![CDATA["Login with valid credentials"]]>
              </value>
            </param>
            <param index="1">
              <value>
                <![CDATA["Login Functionality of TutorialsNinja Application"]]>
              </value>
            </param>
          </params>
          <reporter-output>
          </reporter-output>
        </test-method> <!-- runScenario -->
        <test-method signature="runScenario(io.cucumber.testng.PickleWrapper,io.cucumber.testng.FeatureWrapper)[pri:0, instance:com.tutorialsninja.runner.Runner_TestNG@222545dc]" started-at="2024-08-25T18:14:48 EDT" name="runScenario" description="Runs Cucumber Scenarios" data-provider="scenarios" finished-at="2024-08-25T18:14:54 EDT" duration-ms="5193" status="PASS">
          <params>
            <param index="0">
              <value>
                <![CDATA["Login With Valid Email Invalid Password"]]>
              </value>
            </param>
            <param index="1">
              <value>
                <![CDATA["Login Functionality of TutorialsNinja Application"]]>
              </value>
            </param>
          </params>
          <reporter-output>
          </reporter-output>
        </test-method> <!-- runScenario -->
        <test-method signature="runScenario(io.cucumber.testng.PickleWrapper,io.cucumber.testng.FeatureWrapper)[pri:0, instance:com.tutorialsninja.runner.Runner_TestNG@222545dc]" started-at="2024-08-25T18:14:54 EDT" name="runScenario" description="Runs Cucumber Scenarios" data-provider="scenarios" finished-at="2024-08-25T18:14:59 EDT" duration-ms="4896" status="PASS">
          <params>
            <param index="0">
              <value>
                <![CDATA["Login With invalid Email Valid Password"]]>
              </value>
            </param>
            <param index="1">
              <value>
                <![CDATA["Login Functionality of TutorialsNinja Application"]]>
              </value>
            </param>
          </params>
          <reporter-output>
          </reporter-output>
        </test-method> <!-- runScenario -->
        <test-method signature="runScenario(io.cucumber.testng.PickleWrapper,io.cucumber.testng.FeatureWrapper)[pri:0, instance:com.tutorialsninja.runner.Runner_TestNG@222545dc]" started-at="2024-08-25T18:14:59 EDT" name="runScenario" description="Runs Cucumber Scenarios" data-provider="scenarios" finished-at="2024-08-25T18:15:04 EDT" duration-ms="5483" status="PASS">
          <params>
            <param index="0">
              <value>
                <![CDATA["Login Without credentials"]]>
              </value>
            </param>
            <param index="1">
              <value>
                <![CDATA["Login Functionality of TutorialsNinja Application"]]>
              </value>
            </param>
          </params>
          <reporter-output>
          </reporter-output>
        </test-method> <!-- runScenario -->
        <test-method signature="runScenario(io.cucumber.testng.PickleWrapper,io.cucumber.testng.FeatureWrapper)[pri:0, instance:com.tutorialsninja.runner.Runner_TestNG@222545dc]" started-at="2024-08-25T18:15:04 EDT" name="runScenario" description="Runs Cucumber Scenarios" data-provider="scenarios" finished-at="2024-08-25T18:15:20 EDT" duration-ms="16067" status="PASS">
          <params>
            <param index="0">
              <value>
                <![CDATA["Successfully logging out of the account"]]>
              </value>
            </param>
            <param index="1">
              <value>
                <![CDATA["Logout Functionality of TutorialsNinja Application"]]>
              </value>
            </param>
          </params>
          <reporter-output>
          </reporter-output>
        </test-method> <!-- runScenario -->
        <test-method signature="runScenario(io.cucumber.testng.PickleWrapper,io.cucumber.testng.FeatureWrapper)[pri:0, instance:com.tutorialsninja.runner.Runner_TestNG@222545dc]" started-at="2024-08-25T18:15:20 EDT" name="runScenario" description="Runs Cucumber Scenarios" data-provider="scenarios" finished-at="2024-08-25T18:15:29 EDT" duration-ms="8911" status="PASS">
          <params>
            <param index="0">
              <value>
                <![CDATA["Logout from any page"]]>
              </value>
            </param>
            <param index="1">
              <value>
                <![CDATA["Logout Functionality of TutorialsNinja Application"]]>
              </value>
            </param>
          </params>
          <reporter-output>
          </reporter-output>
        </test-method> <!-- runScenario -->
        <test-method signature="runScenario(io.cucumber.testng.PickleWrapper,io.cucumber.testng.FeatureWrapper)[pri:0, instance:com.tutorialsninja.runner.Runner_TestNG@222545dc]" started-at="2024-08-25T18:15:29 EDT" name="runScenario" description="Runs Cucumber Scenarios" data-provider="scenarios" finished-at="2024-08-25T18:15:43 EDT" duration-ms="14290" status="PASS">
          <params>
            <param index="0">
              <value>
                <![CDATA["Attempting to see account options when not logged in"]]>
              </value>
            </param>
            <param index="1">
              <value>
                <![CDATA["Logout Functionality of TutorialsNinja Application"]]>
              </value>
            </param>
          </params>
          <reporter-output>
          </reporter-output>
        </test-method> <!-- runScenario -->
        <test-method signature="runScenario(io.cucumber.testng.PickleWrapper,io.cucumber.testng.FeatureWrapper)[pri:0, instance:com.tutorialsninja.runner.Runner_TestNG@222545dc]" started-at="2024-08-25T18:15:43 EDT" name="runScenario" description="Runs Cucumber Scenarios" data-provider="scenarios" finished-at="2024-08-25T18:15:50 EDT" duration-ms="6598" status="PASS">
          <params>
            <param index="0">
              <value>
                <![CDATA["Register With Mandatory Fields"]]>
              </value>
            </param>
            <param index="1">
              <value>
                <![CDATA["Register Functionality of TutorialsNinja Application"]]>
              </value>
            </param>
          </params>
          <reporter-output>
          </reporter-output>
        </test-method> <!-- runScenario -->
        <test-method signature="runScenario(io.cucumber.testng.PickleWrapper,io.cucumber.testng.FeatureWrapper)[pri:0, instance:com.tutorialsninja.runner.Runner_TestNG@222545dc]" started-at="2024-08-25T18:15:50 EDT" name="runScenario" description="Runs Cucumber Scenarios" data-provider="scenarios" finished-at="2024-08-25T18:15:56 EDT" duration-ms="6216" status="PASS">
          <params>
            <param index="0">
              <value>
                <![CDATA["Register With All Fields"]]>
              </value>
            </param>
            <param index="1">
              <value>
                <![CDATA["Register Functionality of TutorialsNinja Application"]]>
              </value>
            </param>
          </params>
          <reporter-output>
          </reporter-output>
        </test-method> <!-- runScenario -->
        <test-method signature="runScenario(io.cucumber.testng.PickleWrapper,io.cucumber.testng.FeatureWrapper)[pri:0, instance:com.tutorialsninja.runner.Runner_TestNG@222545dc]" started-at="2024-08-25T18:15:56 EDT" name="runScenario" description="Runs Cucumber Scenarios" data-provider="scenarios" finished-at="2024-08-25T18:16:02 EDT" duration-ms="5674" status="PASS">
          <params>
            <param index="0">
              <value>
                <![CDATA["Register With Existing Email"]]>
              </value>
            </param>
            <param index="1">
              <value>
                <![CDATA["Register Functionality of TutorialsNinja Application"]]>
              </value>
            </param>
          </params>
          <reporter-output>
          </reporter-output>
        </test-method> <!-- runScenario -->
        <test-method signature="runScenario(io.cucumber.testng.PickleWrapper,io.cucumber.testng.FeatureWrapper)[pri:0, instance:com.tutorialsninja.runner.Runner_TestNG@222545dc]" started-at="2024-08-25T18:16:02 EDT" name="runScenario" description="Runs Cucumber Scenarios" data-provider="scenarios" finished-at="2024-08-25T18:16:07 EDT" duration-ms="5051" status="PASS">
          <params>
            <param index="0">
              <value>
                <![CDATA["Register With No Fields"]]>
              </value>
            </param>
            <param index="1">
              <value>
                <![CDATA["Register Functionality of TutorialsNinja Application"]]>
              </value>
            </param>
          </params>
          <reporter-output>
          </reporter-output>
        </test-method> <!-- runScenario -->
        <test-method signature="runScenario(io.cucumber.testng.PickleWrapper,io.cucumber.testng.FeatureWrapper)[pri:0, instance:com.tutorialsninja.runner.Runner_TestNG@222545dc]" started-at="2024-08-25T18:16:07 EDT" name="runScenario" description="Runs Cucumber Scenarios" data-provider="scenarios" finished-at="2024-08-25T18:16:12 EDT" duration-ms="4694" status="PASS">
          <params>
            <param index="0">
              <value>
                <![CDATA["Search with valid product"]]>
              </value>
            </param>
            <param index="1">
              <value>
                <![CDATA["Search Product Functionality of TutorialsNinja Application"]]>
              </value>
            </param>
          </params>
          <reporter-output>
          </reporter-output>
        </test-method> <!-- runScenario -->
        <test-method signature="runScenario(io.cucumber.testng.PickleWrapper,io.cucumber.testng.FeatureWrapper)[pri:0, instance:com.tutorialsninja.runner.Runner_TestNG@222545dc]" started-at="2024-08-25T18:16:12 EDT" name="runScenario" description="Runs Cucumber Scenarios" data-provider="scenarios" finished-at="2024-08-25T18:16:16 EDT" duration-ms="4539" status="PASS">
          <params>
            <param index="0">
              <value>
                <![CDATA["Search with invalid product"]]>
              </value>
            </param>
            <param index="1">
              <value>
                <![CDATA["Search Product Functionality of TutorialsNinja Application"]]>
              </value>
            </param>
          </params>
          <reporter-output>
          </reporter-output>
        </test-method> <!-- runScenario -->
        <test-method signature="runScenario(io.cucumber.testng.PickleWrapper,io.cucumber.testng.FeatureWrapper)[pri:0, instance:com.tutorialsninja.runner.Runner_TestNG@222545dc]" started-at="2024-08-25T18:16:16 EDT" name="runScenario" description="Runs Cucumber Scenarios" data-provider="scenarios" finished-at="2024-08-25T18:16:20 EDT" duration-ms="4032" status="PASS">
          <params>
            <param index="0">
              <value>
                <![CDATA["Search with no product"]]>
              </value>
            </param>
            <param index="1">
              <value>
                <![CDATA["Search Product Functionality of TutorialsNinja Application"]]>
              </value>
            </param>
          </params>
          <reporter-output>
          </reporter-output>
        </test-method> <!-- runScenario -->
        <test-method is-config="true" signature="tearDownClass()[pri:0, instance:com.tutorialsninja.runner.Runner_TestNG@222545dc]" started-at="2024-08-25T18:16:20 EDT" name="tearDownClass" finished-at="2024-08-25T18:16:20 EDT" duration-ms="43" status="PASS">
          <reporter-output>
          </reporter-output>
        </test-method> <!-- tearDownClass -->
      </class> <!-- com.tutorialsninja.runner.Runner_TestNG -->
    </test> <!-- Default test -->
  </suite> <!-- Default suite -->
</testng-results>
